0 info it worked if it ends with ok
1 verbose cli [ '/usr/bin/node', '/usr/bin/npm', 'i' ]
2 info using npm@3.10.10
3 info using node@v6.17.1
4 silly loadCurrentTree Starting
5 silly install loadCurrentTree
6 silly install readLocalPackageData
7 silly install normalizeTree
8 silly loadCurrentTree Finishing
9 silly loadIdealTree Starting
10 silly install loadIdealTree
11 silly cloneCurrentTree Starting
12 silly install cloneCurrentTreeToIdealTree
13 silly cloneCurrentTree Finishing
14 silly loadShrinkwrap Starting
15 silly install loadShrinkwrap
16 silly loadShrinkwrap Finishing
17 silly loadAllDepsIntoIdealTree Starting
18 silly install loadAllDepsIntoIdealTree
19 silly fetchNamedPackageData @ng-toolkit/universal
20 silly mapToRegistry name @ng-toolkit/universal
21 silly mapToRegistry scope (from package name) @ng-toolkit
22 verbose mapToRegistry no registry URL found in name for scope @ng-toolkit
23 silly mapToRegistry using default registry
24 silly mapToRegistry registry https://registry.npmjs.org/
25 silly mapToRegistry data Result {
25 silly mapToRegistry   raw: '@ng-toolkit/universal',
25 silly mapToRegistry   scope: '@ng-toolkit',
25 silly mapToRegistry   escapedName: '@ng-toolkit%2funiversal',
25 silly mapToRegistry   name: '@ng-toolkit/universal',
25 silly mapToRegistry   rawSpec: '',
25 silly mapToRegistry   spec: 'latest',
25 silly mapToRegistry   type: 'tag' }
26 silly mapToRegistry uri https://registry.npmjs.org/@ng-toolkit%2funiversal
27 verbose request uri https://registry.npmjs.org/@ng-toolkit%2funiversal
28 verbose request no auth needed
29 info attempt registry request try #1 at 7:45:00 PM
30 verbose request id 774d62671879b596
31 verbose etag W/"a8d8eded202a94f5bccb93458e0431df"
32 verbose lastModified Fri, 05 Apr 2019 12:44:08 GMT
33 http request GET https://registry.npmjs.org/@ng-toolkit%2funiversal
34 http 304 https://registry.npmjs.org/@ng-toolkit%2funiversal
35 verbose headers { date: 'Sun, 07 Apr 2019 18:45:01 GMT',
35 verbose headers   connection: 'keep-alive',
35 verbose headers   'set-cookie': [ '__cfduid=d2583e7874f57c287808d64778c193f081554662701; expires=Mon, 06-Apr-20 18:45:01 GMT; path=/; domain=.registry.npmjs.org; HttpOnly' ],
35 verbose headers   'cf-cache-status': 'HIT',
35 verbose headers   'cache-control': 'public, max-age=300',
35 verbose headers   'cf-ray': '4c3e27f9dfc935cc-LHR',
35 verbose headers   etag: '"a8d8eded202a94f5bccb93458e0431df"',
35 verbose headers   'expect-ct': 'max-age=604800, report-uri="https://report-uri.cloudflare.com/cdn-cgi/beacon/expect-ct"',
35 verbose headers   'last-modified': 'Fri, 05 Apr 2019 12:44:08 GMT',
35 verbose headers   vary: 'Accept-Encoding',
35 verbose headers   'x-amz-meta-rev': '49-3ce06ebcbe18a22f5bd6147f12e52190',
35 verbose headers   server: 'cloudflare' }
36 silly get cb [ 304,
36 silly get   { date: 'Sun, 07 Apr 2019 18:45:01 GMT',
36 silly get     connection: 'keep-alive',
36 silly get     'set-cookie': [ '__cfduid=d2583e7874f57c287808d64778c193f081554662701; expires=Mon, 06-Apr-20 18:45:01 GMT; path=/; domain=.registry.npmjs.org; HttpOnly' ],
36 silly get     'cf-cache-status': 'HIT',
36 silly get     'cache-control': 'public, max-age=300',
36 silly get     'cf-ray': '4c3e27f9dfc935cc-LHR',
36 silly get     etag: '"a8d8eded202a94f5bccb93458e0431df"',
36 silly get     'expect-ct': 'max-age=604800, report-uri="https://report-uri.cloudflare.com/cdn-cgi/beacon/expect-ct"',
36 silly get     'last-modified': 'Fri, 05 Apr 2019 12:44:08 GMT',
36 silly get     vary: 'Accept-Encoding',
36 silly get     'x-amz-meta-rev': '49-3ce06ebcbe18a22f5bd6147f12e52190',
36 silly get     server: 'cloudflare' } ]
37 verbose etag https://registry.npmjs.org/@ng-toolkit%2funiversal from cache
38 verbose get saving @ng-toolkit/universal to /home/ben/.npm/registry.npmjs.org/_40ng-toolkit_252funiversal/.cache.json
39 verbose correctMkdir /home/ben/.npm correctMkdir not in flight; initializing
40 silly resolveWithNewModule @ng-toolkit/universal@1.1.51 checking installable status
41 silly cache add args [ '@ng-toolkit/universal@^1.1.41-beta.110', null ]
42 verbose cache add spec @ng-toolkit/universal@^1.1.41-beta.110
43 silly cache add parsed spec Result {
43 silly cache add   raw: '@ng-toolkit/universal@^1.1.41-beta.110',
43 silly cache add   scope: '@ng-toolkit',
43 silly cache add   escapedName: '@ng-toolkit%2funiversal',
43 silly cache add   name: '@ng-toolkit/universal',
43 silly cache add   rawSpec: '^1.1.41-beta.110',
43 silly cache add   spec: '>=1.1.41-beta.110 <2.0.0',
43 silly cache add   type: 'range' }
44 silly addNamed @ng-toolkit/universal@>=1.1.41-beta.110 <2.0.0
45 verbose addNamed ">=1.1.41-beta.110 <2.0.0" is a valid semver range for @ng-toolkit/universal
46 silly addNameRange { name: '@ng-toolkit/universal',
46 silly addNameRange   range: '>=1.1.41-beta.110 <2.0.0',
46 silly addNameRange   hasData: false }
47 silly mapToRegistry name @ng-toolkit/universal
48 silly mapToRegistry scope (from package name) @ng-toolkit
49 verbose mapToRegistry no registry URL found in name for scope @ng-toolkit
50 silly mapToRegistry using default registry
51 silly mapToRegistry registry https://registry.npmjs.org/
52 silly mapToRegistry data Result {
52 silly mapToRegistry   raw: '@ng-toolkit/universal',
52 silly mapToRegistry   scope: '@ng-toolkit',
52 silly mapToRegistry   escapedName: '@ng-toolkit%2funiversal',
52 silly mapToRegistry   name: '@ng-toolkit/universal',
52 silly mapToRegistry   rawSpec: '',
52 silly mapToRegistry   spec: 'latest',
52 silly mapToRegistry   type: 'tag' }
53 silly mapToRegistry uri https://registry.npmjs.org/@ng-toolkit%2funiversal
54 verbose addNameRange registry:https://registry.npmjs.org/@ng-toolkit%2funiversal not in flight; fetching
55 verbose get https://registry.npmjs.org/@ng-toolkit%2funiversal not expired, no request
56 silly addNameRange number 2 { name: '@ng-toolkit/universal',
56 silly addNameRange   range: '>=1.1.41-beta.110 <2.0.0',
56 silly addNameRange   hasData: true }
57 silly addNameRange versions [ '@ng-toolkit/universal',
57 silly addNameRange   [ '1.1.0',
57 silly addNameRange     '1.1.1',
57 silly addNameRange     '1.1.3',
57 silly addNameRange     '1.1.4',
57 silly addNameRange     '1.1.5',
57 silly addNameRange     '1.1.6',
57 silly addNameRange     '1.1.7',
57 silly addNameRange     '1.1.8',
57 silly addNameRange     '1.1.9',
57 silly addNameRange     '1.1.10',
57 silly addNameRange     '1.1.11',
57 silly addNameRange     '1.1.12',
57 silly addNameRange     '1.1.13',
57 silly addNameRange     '1.1.14',
57 silly addNameRange     '1.1.16',
57 silly addNameRange     '1.1.18',
57 silly addNameRange     '1.1.19',
57 silly addNameRange     '1.1.20',
57 silly addNameRange     '1.1.21',
57 silly addNameRange     '1.1.22',
57 silly addNameRange     '1.1.23',
57 silly addNameRange     '1.1.24',
57 silly addNameRange     '1.1.25',
57 silly addNameRange     '1.1.26',
57 silly addNameRange     '1.1.27',
57 silly addNameRange     '1.1.28',
57 silly addNameRange     '1.1.29',
57 silly addNameRange     '1.1.30',
57 silly addNameRange     '1.1.31',
57 silly addNameRange     '1.1.32',
57 silly addNameRange     '1.1.33',
57 silly addNameRange     '1.1.34',
57 silly addNameRange     '1.1.35',
57 silly addNameRange     '1.1.36',
57 silly addNameRange     '1.1.38',
57 silly addNameRange     '1.1.39',
57 silly addNameRange     '1.1.40',
57 silly addNameRange     '1.1.41-beta.110',
57 silly addNameRange     '1.1.42',
57 silly addNameRange     '1.1.44',
57 silly addNameRange     '1.1.45',
57 silly addNameRange     '1.1.46',
57 silly addNameRange     '1.1.47',
57 silly addNameRange     '1.1.48',
57 silly addNameRange     '1.1.49',
57 silly addNameRange     '1.1.50',
57 silly addNameRange     '1.1.51',
57 silly addNameRange     '7.1.0',
57 silly addNameRange     '7.1.1' ] ]
58 silly addNamed @ng-toolkit/universal@1.1.51
59 verbose addNamed "1.1.51" is a plain semver version for @ng-toolkit/universal
60 silly cache afterAdd @ng-toolkit/universal@1.1.51
61 verbose afterAdd /home/ben/.npm/@ng-toolkit/universal/1.1.51/package/package.json not in flight; writing
62 verbose correctMkdir /home/ben/.npm correctMkdir not in flight; initializing
63 verbose afterAdd /home/ben/.npm/@ng-toolkit/universal/1.1.51/package/package.json written
64 silly fetchNamedPackageData @ng-toolkit/pwa
65 silly mapToRegistry name @ng-toolkit/pwa
66 silly mapToRegistry scope (from package name) @ng-toolkit
67 verbose mapToRegistry no registry URL found in name for scope @ng-toolkit
68 silly mapToRegistry using default registry
69 silly mapToRegistry registry https://registry.npmjs.org/
70 silly mapToRegistry data Result {
70 silly mapToRegistry   raw: '@ng-toolkit/pwa',
70 silly mapToRegistry   scope: '@ng-toolkit',
70 silly mapToRegistry   escapedName: '@ng-toolkit%2fpwa',
70 silly mapToRegistry   name: '@ng-toolkit/pwa',
70 silly mapToRegistry   rawSpec: '',
70 silly mapToRegistry   spec: 'latest',
70 silly mapToRegistry   type: 'tag' }
71 silly mapToRegistry uri https://registry.npmjs.org/@ng-toolkit%2fpwa
72 silly fetchNamedPackageData @ng-toolkit/serverless
73 silly mapToRegistry name @ng-toolkit/serverless
74 silly mapToRegistry scope (from package name) @ng-toolkit
75 verbose mapToRegistry no registry URL found in name for scope @ng-toolkit
76 silly mapToRegistry using default registry
77 silly mapToRegistry registry https://registry.npmjs.org/
78 silly mapToRegistry data Result {
78 silly mapToRegistry   raw: '@ng-toolkit/serverless',
78 silly mapToRegistry   scope: '@ng-toolkit',
78 silly mapToRegistry   escapedName: '@ng-toolkit%2fserverless',
78 silly mapToRegistry   name: '@ng-toolkit/serverless',
78 silly mapToRegistry   rawSpec: '',
78 silly mapToRegistry   spec: 'latest',
78 silly mapToRegistry   type: 'tag' }
79 silly mapToRegistry uri https://registry.npmjs.org/@ng-toolkit%2fserverless
80 silly fetchOtherPackageData @ng-toolkit/_utils@1.1.51
81 silly cache add args [ '@ng-toolkit/_utils@1.1.51', null ]
82 verbose cache add spec @ng-toolkit/_utils@1.1.51
83 silly cache add parsed spec Result {
83 silly cache add   raw: '@ng-toolkit/_utils@1.1.51',
83 silly cache add   scope: null,
83 silly cache add   escapedName: null,
83 silly cache add   name: null,
83 silly cache add   rawSpec: '@ng-toolkit/_utils@1.1.51',
83 silly cache add   spec: '/home/ben/Documents/coding/prod/web/node/TechFeedProd/techfeed/node_modules/@ng-toolkit/universal/@ng-toolkit/_utils@1.1.51',
83 silly cache add   type: 'local' }
84 error addLocal Could not install /home/ben/Documents/coding/prod/web/node/TechFeedProd/techfeed/node_modules/@ng-toolkit/universal/@ng-toolkit/_utils@1.1.51
85 silly fetchPackageMetaData Error: ENOENT: no such file or directory, open '/home/ben/Documents/coding/prod/web/node/TechFeedProd/techfeed/node_modules/@ng-toolkit/universal/@ng-toolkit/_utils@1.1.51'
85 silly fetchPackageMetaData     at Error (native)
85 silly fetchPackageMetaData  error for @ng-toolkit/_utils@1.1.51 { Error: ENOENT: no such file or directory, open '/home/ben/Documents/coding/prod/web/node/TechFeedProd/techfeed/node_modules/@ng-toolkit/universal/@ng-toolkit/_utils@1.1.51'
85 silly fetchPackageMetaData     at Error (native)
85 silly fetchPackageMetaData   errno: -2,
85 silly fetchPackageMetaData   code: 'ENOENT',
85 silly fetchPackageMetaData   syscall: 'open',
85 silly fetchPackageMetaData   path: '/home/ben/Documents/coding/prod/web/node/TechFeedProd/techfeed/node_modules/@ng-toolkit/universal/@ng-toolkit/_utils@1.1.51' }
86 verbose request uri https://registry.npmjs.org/@ng-toolkit%2fpwa
87 verbose request no auth needed
88 info attempt registry request try #1 at 7:45:01 PM
89 verbose etag W/"026ee1641f3ded3f5c78f1f1e1c9a589"
90 verbose lastModified Fri, 05 Apr 2019 12:45:09 GMT
91 http request GET https://registry.npmjs.org/@ng-toolkit%2fpwa
92 verbose request uri https://registry.npmjs.org/@ng-toolkit%2fserverless
93 verbose request no auth needed
94 info attempt registry request try #1 at 7:45:01 PM
95 verbose etag W/"ccb81d13ac672ef041413bd4fd36e765"
96 verbose lastModified Fri, 05 Apr 2019 12:42:59 GMT
97 http request GET https://registry.npmjs.org/@ng-toolkit%2fserverless
98 http 304 https://registry.npmjs.org/@ng-toolkit%2fpwa
99 verbose headers { date: 'Sun, 07 Apr 2019 18:45:01 GMT',
99 verbose headers   connection: 'keep-alive',
99 verbose headers   'set-cookie': [ '__cfduid=d2583e7874f57c287808d64778c193f081554662701; expires=Mon, 06-Apr-20 18:45:01 GMT; path=/; domain=.registry.npmjs.org; HttpOnly' ],
99 verbose headers   'cf-cache-status': 'HIT',
99 verbose headers   'cache-control': 'public, max-age=300',
99 verbose headers   'cf-ray': '4c3e27fcea9035cc-LHR',
99 verbose headers   etag: '"026ee1641f3ded3f5c78f1f1e1c9a589"',
99 verbose headers   'expect-ct': 'max-age=604800, report-uri="https://report-uri.cloudflare.com/cdn-cgi/beacon/expect-ct"',
99 verbose headers   'last-modified': 'Fri, 05 Apr 2019 12:45:09 GMT',
99 verbose headers   vary: 'Accept-Encoding',
99 verbose headers   'x-amz-meta-rev': '21-65fa6719fb3a04a687c15306edc2b4b1',
99 verbose headers   server: 'cloudflare' }
100 silly get cb [ 304,
100 silly get   { date: 'Sun, 07 Apr 2019 18:45:01 GMT',
100 silly get     connection: 'keep-alive',
100 silly get     'set-cookie': [ '__cfduid=d2583e7874f57c287808d64778c193f081554662701; expires=Mon, 06-Apr-20 18:45:01 GMT; path=/; domain=.registry.npmjs.org; HttpOnly' ],
100 silly get     'cf-cache-status': 'HIT',
100 silly get     'cache-control': 'public, max-age=300',
100 silly get     'cf-ray': '4c3e27fcea9035cc-LHR',
100 silly get     etag: '"026ee1641f3ded3f5c78f1f1e1c9a589"',
100 silly get     'expect-ct': 'max-age=604800, report-uri="https://report-uri.cloudflare.com/cdn-cgi/beacon/expect-ct"',
100 silly get     'last-modified': 'Fri, 05 Apr 2019 12:45:09 GMT',
100 silly get     vary: 'Accept-Encoding',
100 silly get     'x-amz-meta-rev': '21-65fa6719fb3a04a687c15306edc2b4b1',
100 silly get     server: 'cloudflare' } ]
101 verbose etag https://registry.npmjs.org/@ng-toolkit%2fpwa from cache
102 verbose get saving @ng-toolkit/pwa to /home/ben/.npm/registry.npmjs.org/_40ng-toolkit_252fpwa/.cache.json
103 verbose correctMkdir /home/ben/.npm correctMkdir not in flight; initializing
104 silly resolveWithNewModule @ng-toolkit/pwa@1.1.51 checking installable status
105 silly cache add args [ '@ng-toolkit/pwa@1.1.51', null ]
106 verbose cache add spec @ng-toolkit/pwa@1.1.51
107 silly cache add parsed spec Result {
107 silly cache add   raw: '@ng-toolkit/pwa@1.1.51',
107 silly cache add   scope: '@ng-toolkit',
107 silly cache add   escapedName: '@ng-toolkit%2fpwa',
107 silly cache add   name: '@ng-toolkit/pwa',
107 silly cache add   rawSpec: '1.1.51',
107 silly cache add   spec: '1.1.51',
107 silly cache add   type: 'version' }
108 silly addNamed @ng-toolkit/pwa@1.1.51
109 verbose addNamed "1.1.51" is a plain semver version for @ng-toolkit/pwa
110 silly mapToRegistry name @ng-toolkit/pwa
111 silly mapToRegistry scope (from package name) @ng-toolkit
112 verbose mapToRegistry no registry URL found in name for scope @ng-toolkit
113 silly mapToRegistry using default registry
114 silly mapToRegistry registry https://registry.npmjs.org/
115 silly mapToRegistry data Result {
115 silly mapToRegistry   raw: '@ng-toolkit/pwa',
115 silly mapToRegistry   scope: '@ng-toolkit',
115 silly mapToRegistry   escapedName: '@ng-toolkit%2fpwa',
115 silly mapToRegistry   name: '@ng-toolkit/pwa',
115 silly mapToRegistry   rawSpec: '',
115 silly mapToRegistry   spec: 'latest',
115 silly mapToRegistry   type: 'tag' }
116 silly mapToRegistry uri https://registry.npmjs.org/@ng-toolkit%2fpwa
117 verbose addNameVersion registry:https://registry.npmjs.org/@ng-toolkit%2fpwa not in flight; fetching
118 verbose get https://registry.npmjs.org/@ng-toolkit%2fpwa not expired, no request
119 silly cache afterAdd @ng-toolkit/pwa@1.1.51
120 verbose afterAdd /home/ben/.npm/@ng-toolkit/pwa/1.1.51/package/package.json not in flight; writing
121 verbose correctMkdir /home/ben/.npm correctMkdir not in flight; initializing
122 verbose afterAdd /home/ben/.npm/@ng-toolkit/pwa/1.1.51/package/package.json written
123 http 304 https://registry.npmjs.org/@ng-toolkit%2fserverless
124 verbose headers { date: 'Sun, 07 Apr 2019 18:45:01 GMT',
124 verbose headers   connection: 'keep-alive',
124 verbose headers   'set-cookie': [ '__cfduid=d830df344e8618f36760784977acd98461554662701; expires=Mon, 06-Apr-20 18:45:01 GMT; path=/; domain=.registry.npmjs.org; HttpOnly' ],
124 verbose headers   'cf-cache-status': 'HIT',
124 verbose headers   'cache-control': 'public, max-age=300',
124 verbose headers   'cf-ray': '4c3e27fd2c286b6d-LHR',
124 verbose headers   etag: '"ccb81d13ac672ef041413bd4fd36e765"',
124 verbose headers   'expect-ct': 'max-age=604800, report-uri="https://report-uri.cloudflare.com/cdn-cgi/beacon/expect-ct"',
124 verbose headers   'last-modified': 'Fri, 05 Apr 2019 12:42:59 GMT',
124 verbose headers   vary: 'Accept-Encoding',
124 verbose headers   'x-amz-meta-rev': '55-1b449875bcd176d68c28bff2c6b1717f',
124 verbose headers   server: 'cloudflare' }
125 silly get cb [ 304,
125 silly get   { date: 'Sun, 07 Apr 2019 18:45:01 GMT',
125 silly get     connection: 'keep-alive',
125 silly get     'set-cookie': [ '__cfduid=d830df344e8618f36760784977acd98461554662701; expires=Mon, 06-Apr-20 18:45:01 GMT; path=/; domain=.registry.npmjs.org; HttpOnly' ],
125 silly get     'cf-cache-status': 'HIT',
125 silly get     'cache-control': 'public, max-age=300',
125 silly get     'cf-ray': '4c3e27fd2c286b6d-LHR',
125 silly get     etag: '"ccb81d13ac672ef041413bd4fd36e765"',
125 silly get     'expect-ct': 'max-age=604800, report-uri="https://report-uri.cloudflare.com/cdn-cgi/beacon/expect-ct"',
125 silly get     'last-modified': 'Fri, 05 Apr 2019 12:42:59 GMT',
125 silly get     vary: 'Accept-Encoding',
125 silly get     'x-amz-meta-rev': '55-1b449875bcd176d68c28bff2c6b1717f',
125 silly get     server: 'cloudflare' } ]
126 verbose etag https://registry.npmjs.org/@ng-toolkit%2fserverless from cache
127 verbose get saving @ng-toolkit/serverless to /home/ben/.npm/registry.npmjs.org/_40ng-toolkit_252fserverless/.cache.json
128 verbose correctMkdir /home/ben/.npm correctMkdir not in flight; initializing
129 silly resolveWithNewModule @ng-toolkit/serverless@1.1.51 checking installable status
130 silly cache add args [ '@ng-toolkit/serverless@1.1.51', null ]
131 verbose cache add spec @ng-toolkit/serverless@1.1.51
132 silly cache add parsed spec Result {
132 silly cache add   raw: '@ng-toolkit/serverless@1.1.51',
132 silly cache add   scope: '@ng-toolkit',
132 silly cache add   escapedName: '@ng-toolkit%2fserverless',
132 silly cache add   name: '@ng-toolkit/serverless',
132 silly cache add   rawSpec: '1.1.51',
132 silly cache add   spec: '1.1.51',
132 silly cache add   type: 'version' }
133 silly addNamed @ng-toolkit/serverless@1.1.51
134 verbose addNamed "1.1.51" is a plain semver version for @ng-toolkit/serverless
135 silly mapToRegistry name @ng-toolkit/serverless
136 silly mapToRegistry scope (from package name) @ng-toolkit
137 verbose mapToRegistry no registry URL found in name for scope @ng-toolkit
138 silly mapToRegistry using default registry
139 silly mapToRegistry registry https://registry.npmjs.org/
140 silly mapToRegistry data Result {
140 silly mapToRegistry   raw: '@ng-toolkit/serverless',
140 silly mapToRegistry   scope: '@ng-toolkit',
140 silly mapToRegistry   escapedName: '@ng-toolkit%2fserverless',
140 silly mapToRegistry   name: '@ng-toolkit/serverless',
140 silly mapToRegistry   rawSpec: '',
140 silly mapToRegistry   spec: 'latest',
140 silly mapToRegistry   type: 'tag' }
141 silly mapToRegistry uri https://registry.npmjs.org/@ng-toolkit%2fserverless
142 verbose addNameVersion registry:https://registry.npmjs.org/@ng-toolkit%2fserverless not in flight; fetching
143 verbose get https://registry.npmjs.org/@ng-toolkit%2fserverless not expired, no request
144 silly cache afterAdd @ng-toolkit/serverless@1.1.51
145 verbose afterAdd /home/ben/.npm/@ng-toolkit/serverless/1.1.51/package/package.json not in flight; writing
146 verbose correctMkdir /home/ben/.npm correctMkdir not in flight; initializing
147 verbose afterAdd /home/ben/.npm/@ng-toolkit/serverless/1.1.51/package/package.json written
148 silly rollbackFailedOptional Starting
149 silly rollbackFailedOptional Finishing
150 silly runTopLevelLifecycles Finishing
151 silly install printInstalled
152 verbose stack Error: ENOENT: no such file or directory, open '/home/ben/Documents/coding/prod/web/node/TechFeedProd/techfeed/node_modules/@ng-toolkit/universal/@ng-toolkit/_utils@1.1.51'
152 verbose stack     at Error (native)
153 verbose cwd /home/ben/Documents/coding/prod/web/node/TechFeedProd/techfeed
154 error Linux 4.15.0-47-generic
155 error argv "/usr/bin/node" "/usr/bin/npm" "i"
156 error node v6.17.1
157 error npm  v3.10.10
158 error path /home/ben/Documents/coding/prod/web/node/TechFeedProd/techfeed/node_modules/@ng-toolkit/universal/@ng-toolkit/_utils@1.1.51
159 error code ENOENT
160 error errno -2
161 error syscall open
162 error enoent ENOENT: no such file or directory, open '/home/ben/Documents/coding/prod/web/node/TechFeedProd/techfeed/node_modules/@ng-toolkit/universal/@ng-toolkit/_utils@1.1.51'
163 error enoent ENOENT: no such file or directory, open '/home/ben/Documents/coding/prod/web/node/TechFeedProd/techfeed/node_modules/@ng-toolkit/universal/@ng-toolkit/_utils@1.1.51'
163 error enoent This is most likely not a problem with npm itself
163 error enoent and is related to npm not being able to find a file.
164 verbose exit [ -2, true ]
